TN:
SF:app.ts
FNF:0
FNH:0
DA:1,1
DA:2,1
DA:3,1
DA:4,1
DA:5,1
DA:6,1
DA:7,1
DA:8,1
DA:9,1
DA:10,1
DA:11,1
DA:12,1
DA:13,1
DA:14,1
DA:15,1
DA:16,0
DA:17,0
DA:18,1
DA:19,1
DA:20,1
DA:21,1
DA:22,1
DA:23,1
DA:24,1
DA:25,1
DA:26,1
DA:27,1
DA:28,1
DA:29,1
DA:30,1
DA:31,1
DA:32,1
DA:33,1
DA:34,1
DA:35,1
DA:36,1
DA:37,1
DA:38,1
DA:39,1
DA:40,1
DA:41,1
DA:42,1
DA:43,1
DA:44,1
DA:45,1
DA:46,1
DA:47,1
DA:48,1
DA:49,1
DA:50,1
DA:51,1
DA:52,1
DA:53,1
DA:54,1
DA:55,1
DA:56,1
DA:57,1
DA:58,1
DA:59,1
DA:60,1
DA:61,1
DA:62,1
DA:63,1
DA:64,1
DA:65,1
DA:66,1
DA:67,3
DA:68,1
DA:69,1
DA:70,1
LF:70
LH:68
BRDA:15,0,0,0
BRDA:61,1,0,1
BRDA:65,2,0,1
BRDA:66,3,0,3
BRF:4
BRH:3
end_of_record
TN:
SF:auth/auth.routes.config.ts
FN:10,AuthRoutes
FN:14,configureRoutes
FNF:2
FNH:2
FNDA:1,AuthRoutes
FNDA:1,configureRoutes
DA:1,1
DA:2,1
DA:3,1
DA:4,1
DA:5,1
DA:6,1
DA:7,1
DA:8,1
DA:9,1
DA:10,1
DA:11,1
DA:12,1
DA:13,1
DA:14,1
DA:15,1
DA:16,1
DA:17,1
DA:18,1
DA:19,1
DA:20,1
DA:21,1
DA:22,1
DA:23,1
DA:24,1
DA:25,1
DA:26,1
DA:27,1
DA:28,1
DA:29,1
DA:30,1
LF:30
LH:30
BRDA:10,0,0,1
BRDA:14,1,0,1
BRF:2
BRH:2
end_of_record
TN:
SF:auth/controllers/auth.controller.ts
FN:15,createJWT
FNF:1
FNH:1
FNDA:1,createJWT
DA:1,1
DA:2,1
DA:3,1
DA:4,1
DA:5,1
DA:6,1
DA:7,1
DA:8,1
DA:9,1
DA:10,1
DA:11,1
DA:12,1
DA:13,1
DA:14,1
DA:15,1
DA:16,1
DA:17,1
DA:18,1
DA:19,1
DA:20,1
DA:21,1
DA:22,1
DA:23,1
DA:24,1
DA:25,1
DA:26,1
DA:27,1
DA:28,1
DA:29,1
DA:30,1
DA:31,1
DA:32,0
DA:33,0
DA:34,0
DA:35,1
DA:36,1
DA:37,1
DA:38,1
LF:38
LH:35
BRDA:15,0,0,1
BRDA:31,1,0,0
BRF:2
BRH:1
end_of_record
TN:
SF:auth/middleware/auth.middleware.ts
FN:6,verifyUserPassword
FNF:1
FNH:1
FNDA:1,verifyUserPassword
DA:1,1
DA:2,1
DA:3,1
DA:4,1
DA:5,1
DA:6,1
DA:7,1
DA:8,1
DA:9,1
DA:10,1
DA:11,1
DA:12,1
DA:13,1
DA:14,1
DA:15,1
DA:16,1
DA:17,1
DA:18,1
DA:19,1
DA:20,0
DA:21,0
DA:22,0
DA:23,0
DA:24,1
DA:25,1
DA:26,1
LF:26
LH:22
BRDA:6,0,0,1
BRDA:20,1,0,0
BRF:2
BRH:1
end_of_record
TN:
SF:auth/middleware/jwt.middleware.ts
FN:13,verifyRefreshBodyField
FN:28,validRefreshNeeded
FN:55,validJWTNeeded
FNF:3
FNH:3
FNDA:1,verifyRefreshBodyField
FNDA:1,validRefreshNeeded
FNDA:10,validJWTNeeded
DA:1,1
DA:2,1
DA:3,1
DA:4,1
DA:5,1
DA:6,1
DA:7,1
DA:8,1
DA:9,1
DA:10,1
DA:11,1
DA:12,1
DA:13,1
DA:14,1
DA:15,1
DA:16,1
DA:17,1
DA:18,1
DA:19,1
DA:20,1
DA:21,1
DA:22,0
DA:23,0
DA:24,0
DA:25,0
DA:26,1
DA:27,1
DA:28,1
DA:29,1
DA:30,1
DA:31,1
DA:32,1
DA:33,1
DA:34,1
DA:35,1
DA:36,1
DA:37,1
DA:38,1
DA:39,1
DA:40,1
DA:41,1
DA:42,1
DA:43,1
DA:44,1
DA:45,1
DA:46,1
DA:47,1
DA:48,1
DA:49,1
DA:50,1
DA:51,0
DA:52,0
DA:53,1
DA:54,1
DA:55,1
DA:56,10
DA:57,10
DA:58,10
DA:59,10
DA:60,10
DA:61,10
DA:62,10
DA:63,10
DA:64,0
DA:65,10
DA:66,10
DA:67,10
DA:68,10
DA:69,10
DA:70,10
DA:71,10
DA:72,10
DA:73,0
DA:74,0
DA:75,10
DA:76,0
DA:77,0
DA:78,10
DA:79,1
DA:80,1
DA:81,1
LF:81
LH:70
BRDA:13,0,0,1
BRDA:21,1,0,0
BRDA:28,2,0,1
BRDA:50,3,0,0
BRDA:55,4,0,10
BRDA:63,5,0,0
BRDA:72,6,0,0
BRDA:75,7,0,0
BRF:8
BRH:3
end_of_record
TN:
SF:common/common.routes.config.ts
FN:7,CommonRoutesConfig
FN:13,getName
FNF:2
FNH:2
FNDA:3,CommonRoutesConfig
FNDA:3,getName
DA:1,1
DA:2,1
DA:3,1
DA:4,1
DA:5,1
DA:6,1
DA:7,1
DA:8,3
DA:9,3
DA:10,3
DA:11,3
DA:12,1
DA:13,1
DA:14,3
DA:15,3
DA:16,1
DA:17,1
DA:18,1
LF:18
LH:18
BRDA:7,0,0,3
BRDA:13,1,0,3
BRF:2
BRH:2
end_of_record
TN:
SF:common/middleware/body.validation.middleware.ts
FN:5,verifyBodyFieldsErrors
FNF:1
FNH:1
FNDA:2,verifyBodyFieldsErrors
DA:1,1
DA:2,1
DA:3,1
DA:4,1
DA:5,1
DA:6,2
DA:7,2
DA:8,0
DA:9,0
DA:10,2
DA:11,2
DA:12,1
DA:13,1
DA:14,1
LF:14
LH:12
BRDA:5,0,0,2
BRDA:7,1,0,0
BRF:2
BRH:1
end_of_record
TN:
SF:common/middleware/common.permission.middleware.ts
FN:5,onlySameUserOrAdminCanDoThisAction
FNF:1
FNH:1
FNDA:4,onlySameUserOrAdminCanDoThisAction
DA:1,1
DA:2,1
DA:3,1
DA:4,1
DA:5,1
DA:6,4
DA:7,4
DA:8,4
DA:9,4
DA:10,4
DA:11,0
DA:12,0
DA:13,4
DA:14,1
DA:15,1
DA:16,1
LF:16
LH:14
BRDA:5,0,0,4
BRDA:10,1,0,0
BRF:2
BRH:1
end_of_record
TN:
SF:common/services/mongoose.service.ts
FN:14,MongooseService
FN:22,MongooseService.connectWithRetry
FN:18,getMongoose
FNF:3
FNH:3
FNDA:1,MongooseService
FNDA:1,MongooseService.connectWithRetry
FNDA:4,getMongoose
DA:1,1
DA:2,1
DA:3,1
DA:4,1
DA:5,1
DA:6,1
DA:7,1
DA:8,1
DA:9,1
DA:10,1
DA:11,1
DA:12,1
DA:13,1
DA:14,1
DA:15,1
DA:16,1
DA:17,1
DA:18,1
DA:19,4
DA:20,4
DA:21,1
DA:22,1
DA:23,1
DA:24,1
DA:25,1
DA:26,1
DA:27,0
DA:28,0
DA:29,0
DA:30,0
DA:31,0
DA:32,0
DA:33,1
DA:34,1
DA:35,1
DA:36,1
DA:37,1
LF:37
LH:31
BRDA:14,0,0,1
BRDA:22,1,0,1
BRDA:24,2,0,1
BRDA:18,3,0,4
BRF:4
BRH:4
end_of_record
TN:
SF:developers/developers.routes.config.ts
FN:9,DevelopersRoutes
FN:14,configureRoutes
FNF:2
FNH:2
FNDA:1,DevelopersRoutes
FNDA:1,configureRoutes
DA:1,1
DA:2,1
DA:3,1
DA:4,1
DA:5,1
DA:6,1
DA:7,1
DA:8,1
DA:9,1
DA:10,1
DA:11,1
DA:12,1
DA:13,1
DA:14,1
DA:15,1
DA:16,1
DA:17,1
DA:18,1
DA:19,1
DA:20,1
DA:21,1
DA:22,1
DA:23,1
DA:24,1
DA:25,1
DA:26,1
DA:27,1
DA:28,1
DA:29,1
DA:30,1
DA:31,1
DA:32,1
DA:33,1
DA:34,1
DA:35,1
DA:36,1
DA:37,1
DA:38,1
DA:39,1
LF:39
LH:39
BRDA:9,0,0,1
BRDA:14,1,0,1
BRF:2
BRH:2
end_of_record
TN:
SF:developers/controllers/developers.controller.ts
FN:6,createDeveloper
FN:11,getDeveloperById
FN:16,listDevelopers
FN:31,putDeveloper
FN:36,removeDeveloper
FNF:5
FNH:5
FNDA:3,createDeveloper
FNDA:1,getDeveloperById
FNDA:4,listDevelopers
FNDA:1,putDeveloper
FNDA:1,removeDeveloper
DA:1,1
DA:2,1
DA:3,1
DA:4,1
DA:5,1
DA:6,1
DA:7,3
DA:8,3
DA:9,3
DA:10,1
DA:11,1
DA:12,1
DA:13,1
DA:14,1
DA:15,1
DA:16,1
DA:17,4
DA:18,4
DA:19,4
DA:20,4
DA:21,4
DA:22,4
DA:23,4
DA:24,4
DA:25,4
DA:26,4
DA:27,0
DA:28,0
DA:29,4
DA:30,1
DA:31,1
DA:32,1
DA:33,1
DA:34,1
DA:35,1
DA:36,1
DA:37,1
DA:38,1
DA:39,1
DA:40,1
DA:41,1
DA:42,1
LF:42
LH:40
BRDA:6,0,0,3
BRDA:11,1,0,1
BRDA:16,2,0,4
BRDA:26,3,0,0
BRDA:31,4,0,1
BRDA:36,5,0,1
BRF:6
BRH:5
end_of_record
TN:
SF:developers/daos/developers.dao.ts
FN:26,DevelopersDao
FN:30,addDeveloper
FN:40,getDeveloperById
FN:44,getDevelopers
FN:80,updateDeveloperById
FN:89,removeDeveloperById
FNF:6
FNH:6
FNDA:1,DevelopersDao
FNDA:3,addDeveloper
FNDA:5,getDeveloperById
FNDA:4,getDevelopers
FNDA:1,updateDeveloperById
FNDA:1,removeDeveloperById
DA:1,1
DA:2,1
DA:3,1
DA:4,1
DA:5,1
DA:6,1
DA:7,1
DA:8,1
DA:9,1
DA:10,1
DA:11,1
DA:12,1
DA:13,1
DA:14,1
DA:15,1
DA:16,1
DA:17,1
DA:18,1
DA:19,1
DA:20,1
DA:21,1
DA:22,1
DA:23,1
DA:24,1
DA:25,1
DA:26,1
DA:27,1
DA:28,1
DA:29,1
DA:30,1
DA:31,3
DA:32,3
DA:33,3
DA:34,3
DA:35,3
DA:36,3
DA:37,3
DA:38,3
DA:39,1
DA:40,1
DA:41,5
DA:42,5
DA:43,1
DA:44,1
DA:45,4
DA:46,4
DA:47,4
DA:48,1
DA:49,1
DA:50,1
DA:51,1
DA:52,1
DA:53,4
DA:54,0
DA:55,0
DA:56,0
DA:57,0
DA:58,0
DA:59,4
DA:60,4
DA:61,3
DA:62,3
DA:63,3
DA:64,3
DA:65,3
DA:66,4
DA:67,4
DA:68,0
DA:69,0
DA:70,0
DA:71,0
DA:72,0
DA:73,4
DA:74,4
DA:75,4
DA:76,4
DA:77,4
DA:78,4
DA:79,1
DA:80,1
DA:81,1
DA:82,1
DA:83,1
DA:84,1
DA:85,1
DA:86,1
DA:87,1
DA:88,1
DA:89,1
DA:90,1
DA:91,1
DA:92,1
DA:93,1
DA:94,1
LF:94
LH:84
BRDA:26,0,0,1
BRDA:30,1,0,3
BRDA:40,2,0,5
BRDA:44,3,0,4
BRDA:47,4,0,1
BRDA:53,5,0,0
BRDA:60,6,0,3
BRDA:67,7,0,0
BRDA:80,8,0,1
BRDA:89,9,0,1
BRF:10
BRH:8
end_of_record
TN:
SF:developers/middleware/developers.middleware.ts
FN:5,validateDeveloperExists
FN:17,extractDeveloperId
FNF:2
FNH:2
FNDA:4,validateDeveloperExists
FNDA:4,extractDeveloperId
DA:1,1
DA:2,1
DA:3,1
DA:4,1
DA:5,1
DA:6,4
DA:7,4
DA:8,3
DA:9,3
DA:10,4
DA:11,1
DA:12,1
DA:13,1
DA:14,1
DA:15,4
DA:16,1
DA:17,1
DA:18,4
DA:19,4
DA:20,4
DA:21,1
DA:22,1
DA:23,1
LF:23
LH:23
BRDA:5,0,0,4
BRDA:7,1,0,3
BRDA:10,2,0,1
BRDA:17,3,0,4
BRF:4
BRH:4
end_of_record
TN:
SF:developers/services/developers.service.ts
FN:7,create
FN:11,findById
FN:16,listDevelopers
FN:20,putById
FN:24,deleteById
FNF:5
FNH:5
FNDA:3,create
FNDA:5,findById
FNDA:4,listDevelopers
FNDA:1,putById
FNDA:1,deleteById
DA:1,1
DA:2,1
DA:3,1
DA:4,1
DA:5,1
DA:6,1
DA:7,1
DA:8,3
DA:9,3
DA:10,1
DA:11,1
DA:12,5
DA:13,5
DA:14,1
DA:15,1
DA:16,1
DA:17,4
DA:18,4
DA:19,1
DA:20,1
DA:21,1
DA:22,1
DA:23,1
DA:24,1
DA:25,1
DA:26,1
DA:27,1
DA:28,1
DA:29,1
LF:29
LH:29
BRDA:7,0,0,3
BRDA:11,1,0,5
BRDA:16,2,0,4
BRDA:20,3,0,1
BRDA:24,4,0,1
BRF:5
BRH:5
end_of_record
TN:
SF:users/users.routes.config.ts
FN:12,UsersRoutes
FN:16,configureRoutes
FNF:2
FNH:2
FNDA:1,UsersRoutes
FNDA:1,configureRoutes
DA:1,1
DA:2,1
DA:3,1
DA:4,1
DA:5,1
DA:6,1
DA:7,1
DA:8,1
DA:9,1
DA:10,1
DA:11,1
DA:12,1
DA:13,1
DA:14,1
DA:15,1
DA:16,1
DA:17,1
DA:18,1
DA:19,1
DA:20,1
DA:21,1
DA:22,1
DA:23,1
DA:24,1
DA:25,1
DA:26,1
DA:27,1
DA:28,1
DA:29,1
DA:30,1
DA:31,1
DA:32,1
DA:33,1
DA:34,1
DA:35,1
DA:36,1
DA:37,1
DA:38,1
DA:39,1
DA:40,1
DA:41,1
DA:42,1
DA:43,1
DA:44,1
DA:45,1
DA:46,1
DA:47,1
DA:48,1
DA:49,1
DA:50,1
DA:51,1
DA:52,1
DA:53,1
DA:54,1
DA:55,1
DA:56,1
DA:57,1
DA:58,1
DA:59,1
DA:60,1
DA:61,1
DA:62,1
DA:63,1
DA:64,1
DA:65,1
DA:66,1
DA:67,1
DA:68,1
DA:69,1
DA:70,1
DA:71,1
LF:71
LH:71
BRDA:12,0,0,1
BRDA:16,1,0,1
BRF:2
BRH:2
end_of_record
TN:
SF:users/controllers/users.controller.ts
FN:21,createUser
FN:27,getUserById
FN:32,listUsers
FN:38,put
FN:44,patch
FN:52,removeUser
FNF:6
FNH:5
FNDA:1,createUser
FNDA:2,getUserById
FNDA:1,listUsers
FNDA:1,put
FNDA:0,patch
FNDA:1,removeUser
DA:1,1
DA:2,1
DA:3,1
DA:4,1
DA:5,1
DA:6,1
DA:7,1
DA:8,1
DA:9,1
DA:10,1
DA:11,1
DA:12,1
DA:13,1
DA:14,1
DA:15,1
DA:16,1
DA:17,1
DA:18,1
DA:19,1
DA:20,1
DA:21,1
DA:22,1
DA:23,1
DA:24,1
DA:25,1
DA:26,1
DA:27,1
DA:28,2
DA:29,2
DA:30,2
DA:31,1
DA:32,1
DA:33,1
DA:34,1
DA:35,1
DA:36,1
DA:37,1
DA:38,1
DA:39,1
DA:40,1
DA:41,1
DA:42,1
DA:43,1
DA:44,1
DA:45,0
DA:46,0
DA:47,0
DA:48,0
DA:49,0
DA:50,0
DA:51,1
DA:52,1
DA:53,1
DA:54,1
DA:55,1
DA:56,1
DA:57,1
DA:58,1
LF:58
LH:52
BRDA:21,0,0,1
BRDA:27,1,0,2
BRDA:32,2,0,1
BRDA:38,3,0,1
BRDA:52,4,0,1
BRF:5
BRH:5
end_of_record
TN:
SF:users/daos/users.dao.ts
FN:26,UsersDao
FN:30,addUser
FN:45,getUserByEmail
FN:51,getUserByEmailWithPassword
FN:57,getUserById
FN:61,getUsers
FN:68,updateUserById
FN:77,removeUserById
FNF:8
FNH:8
FNDA:1,UsersDao
FNDA:1,addUser
FNDA:1,getUserByEmail
FNDA:1,getUserByEmailWithPassword
FNDA:1,getUserById
FNDA:1,getUsers
FNDA:1,updateUserById
FNDA:1,removeUserById
DA:1,1
DA:2,1
DA:3,1
DA:4,1
DA:5,1
DA:6,1
DA:7,1
DA:8,1
DA:9,1
DA:10,1
DA:11,1
DA:12,1
DA:13,1
DA:14,1
DA:15,1
DA:16,1
DA:17,1
DA:18,1
DA:19,1
DA:20,1
DA:21,1
DA:22,1
DA:23,1
DA:24,1
DA:25,1
DA:26,1
DA:27,1
DA:28,1
DA:29,1
DA:30,1
DA:31,1
DA:32,1
DA:33,1
DA:34,1
DA:35,1
DA:36,1
DA:37,1
DA:38,1
DA:39,1
DA:40,1
DA:41,1
DA:42,1
DA:43,1
DA:44,1
DA:45,1
DA:46,1
DA:47,1
DA:48,1
DA:49,1
DA:50,1
DA:51,1
DA:52,1
DA:53,1
DA:54,1
DA:55,1
DA:56,1
DA:57,1
DA:58,1
DA:59,1
DA:60,1
DA:61,1
DA:62,1
DA:63,1
DA:64,1
DA:65,1
DA:66,1
DA:67,1
DA:68,1
DA:69,1
DA:70,1
DA:71,1
DA:72,1
DA:73,1
DA:74,1
DA:75,1
DA:76,1
DA:77,1
DA:78,1
DA:79,1
DA:80,1
DA:81,1
DA:82,1
LF:82
LH:82
BRDA:26,0,0,1
BRDA:30,1,0,1
BRDA:45,2,0,1
BRDA:51,3,0,1
BRDA:57,4,0,1
BRDA:61,5,0,1
BRDA:68,6,0,1
BRDA:77,7,0,1
BRF:8
BRH:8
end_of_record
TN:
SF:users/middleware/users.middleware.ts
FN:4,UsersMiddleware
FN:23,UsersMiddleware.validatePatchEmail
FN:5,validateSameEmailDoesntExist
FN:14,validateSameEmailBelongToSameUser
FN:32,validateUserExists
FN:44,extractUserId
FNF:6
FNH:5
FNDA:1,UsersMiddleware
FNDA:0,UsersMiddleware.validatePatchEmail
FNDA:1,validateSameEmailDoesntExist
FNDA:1,validateSameEmailBelongToSameUser
FNDA:5,validateUserExists
FNDA:5,extractUserId
DA:1,1
DA:2,1
DA:3,1
DA:4,1
DA:5,1
DA:6,1
DA:7,1
DA:8,0
DA:9,1
DA:10,1
DA:11,1
DA:12,1
DA:13,1
DA:14,1
DA:15,1
DA:16,1
DA:17,1
DA:18,0
DA:19,0
DA:20,1
DA:21,1
DA:22,1
DA:23,1
DA:24,0
DA:25,0
DA:26,0
DA:27,0
DA:28,0
DA:29,0
DA:30,0
DA:31,1
DA:32,1
DA:33,5
DA:34,5
DA:35,4
DA:36,4
DA:37,5
DA:38,1
DA:39,1
DA:40,1
DA:41,1
DA:42,5
DA:43,1
DA:44,1
DA:45,5
DA:46,5
DA:47,5
DA:48,1
DA:49,1
DA:50,1
LF:50
LH:40
BRDA:4,0,0,1
BRDA:5,1,0,1
BRDA:7,2,0,0
BRDA:14,3,0,1
BRDA:17,4,0,0
BRDA:32,5,0,5
BRDA:34,6,0,4
BRDA:37,7,0,1
BRDA:44,8,0,5
BRF:9
BRH:7
end_of_record
TN:
SF:users/services/users.service.ts
FN:8,create
FN:12,findById
FN:16,list
FN:20,patchById
FN:24,putById
FN:28,deleteById
FN:32,getUserByEmail
FN:36,getUserByEmailWithPassword
FNF:8
FNH:7
FNDA:1,create
FNDA:7,findById
FNDA:1,list
FNDA:0,patchById
FNDA:1,putById
FNDA:1,deleteById
FNDA:1,getUserByEmail
FNDA:1,getUserByEmailWithPassword
DA:1,1
DA:2,1
DA:3,1
DA:4,1
DA:5,1
DA:6,1
DA:7,1
DA:8,1
DA:9,1
DA:10,1
DA:11,1
DA:12,1
DA:13,7
DA:14,7
DA:15,1
DA:16,1
DA:17,1
DA:18,1
DA:19,1
DA:20,1
DA:21,0
DA:22,0
DA:23,1
DA:24,1
DA:25,1
DA:26,1
DA:27,1
DA:28,1
DA:29,1
DA:30,1
DA:31,1
DA:32,1
DA:33,1
DA:34,1
DA:35,1
DA:36,1
DA:37,1
DA:38,1
DA:39,1
DA:40,1
DA:41,1
LF:41
LH:39
BRDA:8,0,0,1
BRDA:12,1,0,7
BRDA:16,2,0,1
BRDA:24,3,0,1
BRDA:28,4,0,1
BRDA:32,5,0,1
BRDA:36,6,0,1
BRF:7
BRH:7
end_of_record
